{"D:\\Workspace\\monorepos-test\\src\\converter.ts": {"path":"D:\\Workspace\\monorepos-test\\src\\converter.ts","statementMap":{"0":{"start":{"line":5,"column":24},"end":{"line":5,"column":47}},"1":{"start":{"line":6,"column":19},"end":{"line":6,"column":41}},"2":{"start":{"line":7,"column":17},"end":{"line":7,"column":18}},"3":{"start":{"line":9,"column":4},"end":{"line":14,"column":null}},"4":{"start":{"line":10,"column":6},"end":{"line":12,"column":78}},"5":{"start":{"line":13,"column":6},"end":{"line":13,"column":17}},"6":{"start":{"line":15,"column":4},"end":{"line":15,"column":18}},"7":{"start":{"line":19,"column":14},"end":{"line":19,"column":16}},"8":{"start":{"line":21,"column":4},"end":{"line":28,"column":null}},"9":{"start":{"line":22,"column":6},"end":{"line":22,"column":45}},"10":{"start":{"line":23,"column":6},"end":{"line":23,"column":58}},"11":{"start":{"line":24,"column":15},"end":{"line":24,"column":32}},"12":{"start":{"line":25,"column":6},"end":{"line":25,"column":68}},"13":{"start":{"line":25,"column":27},"end":{"line":25,"column":68}},"14":{"start":{"line":27,"column":6},"end":{"line":27,"column":21}},"15":{"start":{"line":30,"column":4},"end":{"line":30,"column":15}},"16":{"start":{"line":1,"column":0},"end":{"line":1,"column":13}}},"fnMap":{"0":{"name":"(anonymous_0)","decl":{"start":{"line":2,"column":2},"end":{"line":2,"column":27}},"loc":{"start":{"line":2,"column":65},"end":{"line":16,"column":3}}},"1":{"name":"(anonymous_1)","decl":{"start":{"line":18,"column":2},"end":{"line":18,"column":27}},"loc":{"start":{"line":18,"column":69},"end":{"line":31,"column":3}}}},"branchMap":{"0":{"loc":{"start":{"line":12,"column":9},"end":{"line":12,"column":76}},"type":"cond-expr","locations":[{"start":{"line":12,"column":34},"end":{"line":12,"column":58}},{"start":{"line":12,"column":61},"end":{"line":12,"column":76}}]},"1":{"loc":{"start":{"line":25,"column":6},"end":{"line":25,"column":68}},"type":"if","locations":[{"start":{"line":25,"column":6},"end":{"line":25,"column":68}}]}},"s":{"0":6,"1":6,"2":6,"3":6,"4":22,"5":22,"6":6,"7":6,"8":6,"9":22,"10":22,"11":22,"12":22,"13":5,"14":22,"15":6,"16":1},"f":{"0":6,"1":6},"b":{"0":[5,17],"1":[5]}}
,"D:\\Workspace\\monorepos-test\\src\\index.ts": {"path":"D:\\Workspace\\monorepos-test\\src\\index.ts","statementMap":{"0":{"start":{"line":1,"column":0},"end":{"line":1,"column":9}},"1":{"start":{"line":1,"column":9},"end":{"line":1,"column":40}}},"fnMap":{"0":{"name":"(anonymous_0)","decl":{"start":{"line":1,"column":9},"end":{"line":1,"column":18}},"loc":{"start":{"line":1,"column":9},"end":{"line":1,"column":40}}}},"branchMap":{},"s":{"0":1,"1":2},"f":{"0":1},"b":{}}
}
